# JRE version: OpenJDK Runtime Environment (11.0.2+9) (build 11.0.2+9)
# Java VM: OpenJDK 64-Bit Server VM (11.0.2+9, mixed mode, tiered, compressed oops, g1 gc, windows-amd64)
Heap:
 garbage-first heap   total 219136K, used 70282K [0x0000000740400000, 0x0000000800000000)
  region size 1024K, 1 young (1024K), 0 survivors (0K)
 Metaspace       used 18947K, capacity 19864K, committed 20864K, reserved 1067008K
  class space    used 1870K, capacity 2342K, committed 2688K, reserved 1048576K
GC Heap History (10 events):
Event: 3389.984 GC heap before
{Heap before GC invocations=3236 (full 618):
 garbage-first heap   total 219136K, used 97937K [0x0000000740400000, 0x0000000800000000)
  region size 1024K, 2 young (2048K), 1 survivors (1024K)
 Metaspace       used 18947K, capacity 19864K, committed 20864K, reserved 1067008K
  class space    used 1870K, capacity 2342K, committed 2688K, reserved 1048576K
}
Event: 3389.985 GC heap after
{Heap after GC invocations=3237 (full 618):
 garbage-first heap   total 219136K, used 64147K [0x0000000740400000, 0x0000000800000000)
  region size 1024K, 1 young (1024K), 1 survivors (1024K)
 Metaspace       used 18947K, capacity 19864K, committed 20864K, reserved 1067008K
  class space    used 1870K, capacity 2342K, committed 2688K, reserved 1048576K
}
Event: 3389.986 GC heap before
{Heap before GC invocations=3237 (full 618):
 garbage-first heap   total 219136K, used 67219K [0x0000000740400000, 0x0000000800000000)
  region size 1024K, 1 young (1024K), 1 survivors (1024K)
 Metaspace       used 18947K, capacity 19864K, committed 20864K, reserved 1067008K
  class space    used 1870K, capacity 2342K, committed 2688K, reserved 1048576K
}
Event: 3389.986 GC heap after
{Heap after GC invocations=3238 (full 618):
 garbage-first heap   total 219136K, used 67221K [0x0000000740400000, 0x0000000800000000)
  region size 1024K, 1 young (1024K), 1 survivors (1024K)
 Metaspace       used 18947K, capacity 19864K, committed 20864K, reserved 1067008K
  class space    used 1870K, capacity 2342K, committed 2688K, reserved 1048576K
}
Event: 3390.150 GC heap before
{Heap before GC invocations=3239 (full 618):
 garbage-first heap   total 219136K, used 91797K [0x0000000740400000, 0x0000000800000000)
  region size 1024K, 2 young (2048K), 1 survivors (1024K)
 Metaspace       used 18947K, capacity 19864K, committed 20864K, reserved 1067008K
  class space    used 1870K, capacity 2342K, committed 2688K, reserved 1048576K
}
Event: 3390.161 GC heap after
{Heap after GC invocations=3240 (full 619):
 garbage-first heap   total 219136K, used 64137K [0x0000000740400000, 0x0000000800000000)
  region size 1024K, 0 young (0K), 0 survivors (0K)
 Metaspace       used 18947K, capacity 19864K, committed 20864K, reserved 1067008K
  class space    used 1870K, capacity 2342K, committed 2688K, reserved 1048576K
}
Event: 3390.207 GC heap before
{Heap before GC invocations=3240 (full 619):
 garbage-first heap   total 219136K, used 73353K [0x0000000740400000, 0x0000000800000000)
  region size 1024K, 1 young (1024K), 0 survivors (0K)
 Metaspace       used 18947K, capacity 19864K, committed 20864K, reserved 1067008K
  class space    used 1870K, capacity 2342K, committed 2688K, reserved 1048576K
}
Event: 3390.217 GC heap after
{Heap after GC invocations=3241 (full 620):
 garbage-first heap   total 219136K, used 67209K [0x0000000740400000, 0x0000000800000000)
  region size 1024K, 0 young (0K), 0 survivors (0K)
 Metaspace       used 18947K, capacity 19864K, committed 20864K, reserved 1067008K
  class space    used 1870K, capacity 2342K, committed 2688K, reserved 1048576K
}
Event: 3390.870 GC heap before
{Heap before GC invocations=3241 (full 620):
 garbage-first heap   total 219136K, used 77449K [0x0000000740400000, 0x0000000800000000)
  region size 1024K, 2 young (2048K), 0 survivors (0K)
 Metaspace       used 18947K, capacity 19864K, committed 20864K, reserved 1067008K
  class space    used 1870K, capacity 2342K, committed 2688K, reserved 1048576K
}
Event: 3390.880 GC heap after
{Heap after GC invocations=3242 (full 621):
 garbage-first heap   total 219136K, used 67210K [0x0000000740400000, 0x0000000800000000)
  region size 1024K, 0 young (0K), 0 survivors (0K)
 Metaspace       used 18947K, capacity 19864K, committed 20864K, reserved 1067008K
  class space    used 1870K, capacity 2342K, committed 2688K, reserved 1048576K
}

